jx654
*   c819885 9. forth to 01 merge 02
|\  
| *   c7fbd2e second to 02 merge master
| |\  
| * | 68875f4 4. first to 02
* | |   c1f2841 8. third to 01 merge master
|\ \ \  
| | |/  
| |/|   
| * |   782a9c4 5. third to master merge 01
| |\ \  
| | |/  
| |/|   
| * | cf3aeb6 3. second commit on master
* | | 5765692 6. second to 01
| |/  
|/|   
* | 9eee411 2.first commit on 01
|/  
* e9397e6 1. first commit on master

ys2530
*   bcb7f67 Merge branch 'branch3' into branch4
|\  
| *   ade9d49 Merge branch 'branch1' into branch3
| |\  
| * | ed5ea4b change 1 on branch3
* | |   03933ca Merge branch 'branch1' into branch4
|\ \ \  
| | |/  
| |/|   
| * |   017ddcc Merge branch 'branch2' into branch1
| |\ \  
| | |/  
| |/|   
| * | 72bec87 change 1 on branch1
* | | 63d4802 change 1 on branch4
| |/  
|/|   
* | a7e713e change 1 on branch2
|/  
* bea2a02 change 1 on master