jz2312
*   9f325f6 9 master1 merge master2
|\  
| *   bf8c9e5 7 master2 merge master
| |\  
| * | ce1f847 4 master2
* | |   796057a 8 master1 merge master
|\ \ \  
| | |/  
| |/|   
| * |   b8d2534 5 master merge master1
| |\ \  
| | |/  
| |/|   
| * | 9d0b554 3 master
* | | 9aa07cf 6 master1
| |/  
|/|   
* | 217c056 2 master1
|/  
* 48ca453 1 master
yg1281
*   0a1ca6b Forth commit B1. Merging B2
|\
| *   a7236d6 Second commit, B2. Merging master
| |\
| * | c17901d First commit, B2
* | |   720914f Third commit, B1. Merging master
|\ \ \
| | |/
| |/|
| * |   fb132ce Third commit, Master. Merging B1
| |\ \
| | |/
| |/|
| * | 8b771f2 Second commit, Master
* | | ce8fd8d Second commit, B1
| |/
|/|
* | 7e9f836 First commit. B1
|/
* 2a34715 First commit, Master
