lt911
*   c041272 9th (5th on master)
|\  
| *   e36ed87 6th (2nd on b2)
| |\  
| * | 7856878 3rd (1st on b2)
* | |   3150591 8th (4th on master)
|\ \ \  
| | |/  
| |/|   
| * |   d9d7b9e 5th (2nd on b1)
| |\ \  
| | |/  
| |/|   
| * | 786f6ad 2nd (1st on b1)
* | | 2ebcb1f 7th (3rd on master)
| |/  
|/|   
* | 174533d 4th (2nd on master)
|/  
* 358b087 1st (1st on master)

yg1305
*   2c02517 (9) 4th commit, branch1, merge branch2
|\  
| *   b757c0f (7) 2nd commit, branch2, merge master
| |\  
| * | 26f40e4 (4) 1st commit, branch2
* | |   d545e98 (8) 3rd commit, branch1,merge master
|\ \ \  
| | |/  
| |/|   
| * |   28ed220 (5) 3rd commit, master, merge branch1
| |\ \  
| | |/  
| |/|   
| * | dce6c88 (3) 2nd commit, master
* | | 02074a9 (6) 2nd commit, branch1
| |/  
|/|   
* | bafc050 (2) 1st commit, branch1
|/  
* e870983 (1) 1st commit, master

