yg1281
*   0a1ca6b Forth commit B1. Merging B2
|\
| *   a7236d6 Second commit, B2. Merging master
| |\
| * | c17901d First commit, B2
* | |   720914f Third commit, B1. Merging master
|\ \ \
| | |/
| |/|
| * |   fb132ce Third commit, Master. Merging B1
| |\ \
| | |/
| |/|
| * | 8b771f2 Second commit, Master
* | | ce8fd8d Second commit, B1
| |/
|/|
* | 7e9f836 First commit. B1
|/
* 2a34715 First commit, Master
yg1305
*   2c02517 (9) 4th commit, branch1, merge branch2
|\  
| *   b757c0f (7) 2nd commit, branch2, merge master
| |\  
| * | 26f40e4 (4) 1st commit, branch2
* | |   d545e98 (8) 3rd commit, branch1,merge master
|\ \ \  
| | |/  
| |/|   
| * |   28ed220 (5) 3rd commit, master, merge branch1
| |\ \  
| | |/  
| |/|   
| * | dce6c88 (3) 2nd commit, master
* | | 02074a9 (6) 2nd commit, branch1
| |/  
|/|   
* | bafc050 (2) 1st commit, branch1
|/  
* e870983 (1) 1st commit, master
